<?xml version="1.0" encoding="UTF-8"?>
<testng-results skipped="0" failed="0" total="6" passed="6">
  <reporter-output>
  </reporter-output>
  <suite name="Default suite" duration-ms="13646" started-at="2015-10-16T12:56:11Z" finished-at="2015-10-16T12:56:24Z">
    <groups>
    </groups>
    <test name="Default test" duration-ms="13646" started-at="2015-10-16T12:56:11Z" finished-at="2015-10-16T12:56:24Z">
      <class name="com.example.tests.ContactCreationTest">
        <test-method status="PASS" signature="setUp()[pri:0, instance:com.example.tests.ContactCreationTest@1ff8b8f]" name="setUp" is-config="true" duration-ms="5278" started-at="2015-10-16T15:56:11Z" finished-at="2015-10-16T15:56:16Z">
          <reporter-output>
          </reporter-output>
        </test-method> <!-- setUp -->
        <test-method status="PASS" signature="testEmptyContactCreation()[pri:0, instance:com.example.tests.ContactCreationTest@1ff8b8f]" name="testEmptyContactCreation" duration-ms="1302" started-at="2015-10-16T15:56:16Z" finished-at="2015-10-16T15:56:17Z">
          <reporter-output>
          </reporter-output>
        </test-method> <!-- testEmptyContactCreation -->
        <test-method status="PASS" signature="testNonEmptyContactCreation()[pri:0, instance:com.example.tests.ContactCreationTest@1ff8b8f]" name="testNonEmptyContactCreation" duration-ms="2137" started-at="2015-10-16T15:56:17Z" finished-at="2015-10-16T15:56:19Z">
          <reporter-output>
          </reporter-output>
        </test-method> <!-- testNonEmptyContactCreation -->
        <test-method status="PASS" signature="tearDown()[pri:0, instance:com.example.tests.ContactCreationTest@1ff8b8f]" name="tearDown" is-config="true" duration-ms="528" started-at="2015-10-16T15:56:24Z" finished-at="2015-10-16T15:56:24Z">
          <reporter-output>
          </reporter-output>
        </test-method> <!-- tearDown -->
      </class> <!-- com.example.tests.ContactCreationTest -->
      <class name="com.example.tests.AlsoGroupCreationTest2">
        <test-method status="PASS" signature="testEmptyGroupCreation()[pri:0, instance:com.example.tests.AlsoGroupCreationTest2@1f03bb1]" name="testEmptyGroupCreation" duration-ms="991" started-at="2015-10-16T15:56:19Z" finished-at="2015-10-16T15:56:20Z">
          <reporter-output>
          </reporter-output>
        </test-method> <!-- testEmptyGroupCreation -->
        <test-method status="PASS" signature="testNonEmptyGroupCreation()[pri:0, instance:com.example.tests.AlsoGroupCreationTest2@1f03bb1]" name="testNonEmptyGroupCreation" duration-ms="1098" started-at="2015-10-16T15:56:20Z" finished-at="2015-10-16T15:56:21Z">
          <reporter-output>
          </reporter-output>
        </test-method> <!-- testNonEmptyGroupCreation -->
      </class> <!-- com.example.tests.AlsoGroupCreationTest2 -->
      <class name="com.example.tests.GroupCreationTest">
        <test-method status="PASS" signature="testEmptyGroupCreation()[pri:0, instance:com.example.tests.GroupCreationTest@6de728]" name="testEmptyGroupCreation" duration-ms="988" started-at="2015-10-16T15:56:21Z" finished-at="2015-10-16T15:56:22Z">
          <reporter-output>
          </reporter-output>
        </test-method> <!-- testEmptyGroupCreation -->
        <test-method status="PASS" signature="testNonEmptyGroupCreation()[pri:0, instance:com.example.tests.GroupCreationTest@6de728]" name="testNonEmptyGroupCreation" duration-ms="1306" started-at="2015-10-16T15:56:22Z" finished-at="2015-10-16T15:56:24Z">
          <reporter-output>
          </reporter-output>
        </test-method> <!-- testNonEmptyGroupCreation -->
      </class> <!-- com.example.tests.GroupCreationTest -->
    </test> <!-- Default test -->
  </suite> <!-- Default suite -->
</testng-results>
