<?xml version="1.0" encoding="UTF-8"?>
<testng-results skipped="0" failed="0" total="1" passed="1">
  <reporter-output>
  </reporter-output>
  <suite name="Default suite" duration-ms="8122" started-at="2015-10-26T06:54:44Z" finished-at="2015-10-26T06:54:52Z">
    <groups>
    </groups>
    <test name="Default test" duration-ms="8122" started-at="2015-10-26T06:54:44Z" finished-at="2015-10-26T06:54:52Z">
      <class name="com.example.tests.ContactModificationTests">
        <test-method status="PASS" signature="setUp()[pri:0, instance:com.example.tests.ContactModificationTests@ba4d54]" name="setUp" is-config="true" duration-ms="6418" started-at="2015-10-26T08:54:44Z" finished-at="2015-10-26T08:54:51Z">
          <reporter-output>
          </reporter-output>
        </test-method> <!-- setUp -->
        <test-method status="PASS" signature="ModifySomeContact()[pri:0, instance:com.example.tests.ContactModificationTests@ba4d54]" name="ModifySomeContact" duration-ms="919" started-at="2015-10-26T08:54:51Z" finished-at="2015-10-26T08:54:52Z">
          <reporter-output>
          </reporter-output>
        </test-method> <!-- ModifySomeContact -->
        <test-method status="PASS" signature="tearDown()[pri:0, instance:com.example.tests.ContactModificationTests@ba4d54]" name="tearDown" is-config="true" duration-ms="773" started-at="2015-10-26T08:54:52Z" finished-at="2015-10-26T08:54:52Z">
          <reporter-output>
          </reporter-output>
        </test-method> <!-- tearDown -->
      </class> <!-- com.example.tests.ContactModificationTests -->
    </test> <!-- Default test -->
  </suite> <!-- Default suite -->
</testng-results>
