<?xml version="1.0" encoding="UTF-8"?>
<!-- Generated by org.testng.reporters.JUnitXMLReporter -->
<testsuite hostname="op-PC" name="Default test" tests="6" failures="0" timestamp="16 Oct 2015 12:56:24 GMT" time="13.646" errors="0">
  <testcase name="testEmptyContactCreation" time="1.302" classname="com.example.tests.ContactCreationTest"/>
  <testcase name="testNonEmptyContactCreation" time="2.137" classname="com.example.tests.ContactCreationTest"/>
  <testcase name="testEmptyGroupCreation" time="0.991" classname="com.example.tests.AlsoGroupCreationTest2"/>
  <testcase name="testNonEmptyGroupCreation" time="1.098" classname="com.example.tests.AlsoGroupCreationTest2"/>
  <testcase name="testEmptyGroupCreation" time="0.988" classname="com.example.tests.GroupCreationTest"/>
  <testcase name="testNonEmptyGroupCreation" time="1.306" classname="com.example.tests.GroupCreationTest"/>
</testsuite> <!-- Default test -->
